Engine: C:\Users\madas\anaconda\Library\bin\smina.EXE
Command: C:\Users\madas\anaconda\Library\bin\smina.EXE -r C:\Users\madas\Downloads\Final GUI\FINAL GITHUB SUBMISSION GUI JOSH\Josh_Receptor_Features\S1P1\7VIH_receptor_only.pdb -l C:\Users\madas\Downloads\Final GUI\FINAL GITHUB SUBMISSION GUI JOSH\docking_runs\S1P1_20260416_222109\query_ligand.sdf --center_x 125.55303333333333 --center_y 113.39169999999997 --center_z 80.91013333333335 --size_x 20.0 --size_y 16.685999999999993 --size_z 20.0 --num_modes 10 --exhaustiveness 64 --seed 42 -o C:\Users\madas\Downloads\Final GUI\FINAL GITHUB SUBMISSION GUI JOSH\docking_runs\S1P1_20260416_222109\docked_topposes.pdbqt
Return code: 0

---- STDOUT ----
   _______  _______ _________ _        _______ 
  (  ____ \(       )\__   __/( (    /|(  ___  )
  | (    \/| () () |   ) (   |  \  ( || (   ) |
  | (_____ | || || |   | |   |   \ | || (___) |
  (_____  )| |(_)| |   | |   | (\ \) ||  ___  |
        ) || |   | |   | |   | | \   || (   ) |
  /\____) || )   ( |___) (___| )  \  || )   ( |
  \_______)|/     \|\_______/|/    )_)|/     \|


smina is based off AutoDock Vina. Please cite appropriately.

Weights      Terms
-0.035579    gauss(o=0,_w=0.5,_c=8)
-0.005156    gauss(o=3,_w=2,_c=8)
0.840245     repulsion(o=0,_c=8)
-0.035069    hydrophobic(g=0.5,_b=1.5,_c=8)
-0.587439    non_dir_h_bond(g=-0.7,_b=0,_c=8)
1.923        num_tors_div

Using random seed: 42

0%   10   20   30   40   50   60   70   80   90   100%
|----|----|----|----|----|----|----|----|----|----|
***************************************************

mode |   affinity | dist from best mode
     | (kcal/mol) | rmsd l.b.| rmsd u.b.
-----+------------+----------+----------
1       -2.5       0.000      0.000    
2       -2.5       14.843     15.082   
3       -2.5       5.222      5.763    
4       -2.4       13.891     14.332   
5       -2.4       2.947      3.555    
6       -2.4       1.875      2.469    
7       -2.4       4.780      5.353    
8       -2.3       4.938      5.131    
9       -2.3       13.194     13.448   
10      -2.2       11.014     11.495   
Refine time 2.314
Loop time 2.950


---- STDERR ----
